<?xml version="1.0" encoding="UTF-8"?>
<!-- Generated by org.testng.reporters.JUnitXMLReporter -->
<testsuite ignored="0" hostname="VenuGopal" failures="0" tests="15" name="TutorialsNinja TestCases" time="51.702" errors="0" timestamp="2022-12-26T18:17:58 IST">
  <testcase classname="com.TN.tests.RegisterTest" name="verifyRegisterWithMandatoryFields" time="1.317"/>
  <testcase classname="com.TN.tests.RegisterTest" name="verifyRegisterWithAllFields" time="1.219"/>
  <testcase classname="com.TN.tests.RegisterTest" name="verifyRegisterWithExistingEmail" time="1.223"/>
  <testcase classname="com.TN.tests.RegisterTest" name="verifyRegisterWithoutEnteringAnyData" time="0.681"/>
  <testcase classname="com.TN.tests.LoginTest" name="verifyLoginWithValidCredentials" time="0.632"/>
  <testcase classname="com.TN.tests.LoginTest" name="verifyLoginWithValidCredentials" time="0.606"/>
  <testcase classname="com.TN.tests.LoginTest" name="verifyLoginWithValidCredentials" time="0.604"/>
  <testcase classname="com.TN.tests.LoginTest" name="verifyLoginWithValidCredentials" time="0.613"/>
  <testcase classname="com.TN.tests.LoginTest" name="verifyLoginWithInValidCredentials" time="0.554"/>
  <testcase classname="com.TN.tests.LoginTest" name="verifyLoginWithInValidEmailValidPassword" time="0.583"/>
  <testcase classname="com.TN.tests.LoginTest" name="verifyLoginWithValidEmailInvalidPassword" time="0.495"/>
  <testcase classname="com.TN.tests.LoginTest" name="verifyLoginWithoutCredentials" time="0.319"/>
  <testcase classname="com.TN.tests.SearchProductTest" name="verifySearchWithExsistingProduct" time="0.569"/>
  <testcase classname="com.TN.tests.SearchProductTest" name="verifySearchWithNonExsistingProduct" time="0.562"/>
  <testcase classname="com.TN.tests.SearchProductTest" name="verifySearchWithoutAnyProduct" time="0.652"/>
</testsuite> <!-- TutorialsNinja TestCases -->
