<?xml version="1.0" encoding="UTF-8"?>
<!-- Generated by org.testng.reporters.JUnitXMLReporter -->
<testsuite ignored="0" hostname="VenuGopal" failures="1" tests="15" name="Surefire test" time="57.575" errors="0" timestamp="2022-12-26T13:07:18 IST">
  <testcase classname="com.TN.tests.LoginTest" name="verifyLoginWithValidCredentials" time="0.703"/>
  <testcase classname="com.TN.tests.LoginTest" name="verifyLoginWithValidCredentials" time="0.737"/>
  <testcase classname="com.TN.tests.LoginTest" name="verifyLoginWithValidCredentials" time="0.682"/>
  <testcase classname="com.TN.tests.LoginTest" name="verifyLoginWithValidCredentials" time="0.739"/>
  <testcase classname="com.TN.tests.LoginTest" name="verifyLoginWithInValidCredentials" time="0.742"/>
  <testcase classname="com.TN.tests.LoginTest" name="verifyLoginWithInValidEmailValidPassword" time="0.773"/>
  <testcase classname="com.TN.tests.LoginTest" name="verifyLoginWithValidEmailInvalidPassword" time="0.707"/>
  <testcase classname="com.TN.tests.LoginTest" name="verifyLoginWithoutCredentials" time="0.446"/>
  <testcase classname="com.TN.tests.RegisterTest" name="verifyRegisterWithMandatoryFields" time="1.406"/>
  <testcase classname="com.TN.tests.RegisterTest" name="verifyRegisterWithAllFields" time="1.406"/>
  <testcase classname="com.TN.tests.RegisterTest" name="verifyRegisterWithExistingEmail" time="1.607"/>
  <testcase classname="com.TN.tests.RegisterTest" name="verifyRegisterWithoutEnteringAnyData" time="1.36"/>
  <testcase classname="com.TN.tests.SearchProductTest" name="verifySearchWithExsistingProduct" time="1.265"/>
  <testcase classname="com.TN.tests.SearchProductTest" name="verifySearchWithNonExsistingProduct" time="0.977">
    <failure type="java.lang.AssertionError" message="expected [Thereisno product that matches the search criteria.] but found [There is no product that matches the search criteria.]">
      <![CDATA[java.lang.AssertionError: expected [Thereisno product that matches the search criteria.] but found [There is no product that matches the search criteria.]
at com.TN.tests.SearchProductTest.verifySearchWithNonExsistingProduct(SearchProductTest.java:47)
at java.base/java.util.ArrayList.forEach(ArrayList.java:1541)
... Removed 38 stack frames]]>
    </failure>
  </testcase> <!-- verifySearchWithNonExsistingProduct -->
  <testcase classname="com.TN.tests.SearchProductTest" name="verifySearchWithoutAnyProduct" time="0.0">
    <skipped/>
  </testcase> <!-- verifySearchWithoutAnyProduct -->
</testsuite> <!-- Surefire test -->
