<?xml version="1.0" encoding="UTF-8"?>
<!-- Generated by org.testng.reporters.JUnitXMLReporter -->
<testsuite ignored="1" hostname="VenuGopal" failures="0" tests="1" name="Default test" time="5.708" errors="0" timestamp="2022-12-27T11:04:43 IST">
  <testcase classname="com.TN.tests.ForgotPasswordTest" name="verifyForgotPasswordWithRegisteredEmail" time="0.723"/>
  <testcase classname="com.TN.tests.ForgotPasswordTest" name="verifyForgotPasswordWithNoEmail" time="0.0">
    <ignored/>
  </testcase> <!-- verifyForgotPasswordWithNoEmail -->
</testsuite> <!-- Default test -->
