<?xml version="1.0" encoding="UTF-8"?>
<!-- Generated by org.testng.reporters.JUnitXMLReporter -->
<testsuite ignored="0" hostname="VenuGopal" failures="0" tests="20" name="TutorialsNinja TestCases" time="81.358" errors="0" timestamp="2022-12-27T17:30:10 IST">
  <testcase classname="com.TN.tests.RegisterTest" name="verifyRegisterWithMandatoryFields" time="1.432"/>
  <testcase classname="com.TN.tests.RegisterTest" name="verifyRegisterWithAllFields" time="1.472"/>
  <testcase classname="com.TN.tests.RegisterTest" name="verifyRegisterWithExistingEmail" time="1.289"/>
  <testcase classname="com.TN.tests.RegisterTest" name="verifyRegisterWithoutEnteringAnyData" time="0.633"/>
  <testcase classname="com.TN.tests.RegisterTest" name="verifyRegisterAccountWithDifferentPasswords" time="1.321"/>
  <testcase classname="com.TN.tests.LoginTest" name="verifyLoginWithValidCredentials" time="0.749"/>
  <testcase classname="com.TN.tests.LoginTest" name="verifyLoginWithValidCredentials" time="0.751"/>
  <testcase classname="com.TN.tests.LoginTest" name="verifyLoginWithValidCredentials" time="0.756"/>
  <testcase classname="com.TN.tests.LoginTest" name="verifyLoginWithValidCredentials" time="0.747"/>
  <testcase classname="com.TN.tests.LoginTest" name="verifyLoginWithInValidCredentials" time="0.834"/>
  <testcase classname="com.TN.tests.LoginTest" name="verifyLoginWithInValidEmailValidPassword" time="0.775"/>
  <testcase classname="com.TN.tests.LoginTest" name="verifyLoginWithValidEmailInvalidPassword" time="0.68"/>
  <testcase classname="com.TN.tests.LoginTest" name="verifyLoginWithoutCredentials" time="0.41"/>
  <testcase classname="com.TN.tests.SearchProductTest" name="verifySearchWithExsistingProduct" time="0.714"/>
  <testcase classname="com.TN.tests.SearchProductTest" name="verifySearchWithNonExsistingProduct" time="0.627"/>
  <testcase classname="com.TN.tests.SearchProductTest" name="verifySearchWithoutAnyProduct" time="0.574"/>
  <testcase classname="com.TN.tests.ForgotPasswordTest" name="verifyForgotPasswordWithRegisteredEmail" time="0.757"/>
  <testcase classname="com.TN.tests.ForgotPasswordTest" name="verifyForgotPasswordWithNonRegisteredEmail" time="0.607"/>
  <testcase classname="com.TN.tests.ForgotPasswordTest" name="verifyForgotPasswordWithNoEmail" time="0.351"/>
  <testcase classname="com.TN.tests.AddToCartTest" name="verifyAddToCartForValidProduct" time="2.653"/>
</testsuite> <!-- TutorialsNinja TestCases -->
