<?xml version="1.0" encoding="UTF-8"?>
<testng-results ignored="0" total="20" passed="20" failed="0" skipped="0">
  <reporter-output>
  </reporter-output>
  <suite started-at="2022-12-27T17:28:48 IST" name="TutorialsNinja Test Suite" finished-at="2022-12-27T17:30:10 IST" duration-ms="81358">
    <groups>
    </groups>
    <test started-at="2022-12-27T17:28:48 IST" name="TutorialsNinja TestCases" finished-at="2022-12-27T17:30:10 IST" duration-ms="81358">
      <class name="com.TN.tests.LoginTest">
        <test-method is-config="true" signature="setUp()[pri:0, instance:com.TN.tests.LoginTest@51c668e3]" started-at="2022-12-27T17:29:14 IST" name="setUp" finished-at="2022-12-27T17:29:17 IST" duration-ms="2537" status="PASS">
          <reporter-output>
          </reporter-output>
        </test-method> <!-- setUp -->
        <test-method signature="verifyLoginWithValidCredentials(java.lang.String,java.lang.String)[pri:1, instance:com.TN.tests.LoginTest@51c668e3]" started-at="2022-12-27T17:29:17 IST" name="verifyLoginWithValidCredentials" data-provider="validCredentialsSupplier" finished-at="2022-12-27T17:29:18 IST" duration-ms="749" status="PASS">
          <params>
            <param index="0">
              <value>
                <![CDATA[venu1@gmail.com]]>
              </value>
            </param>
            <param index="1">
              <value>
                <![CDATA[venu1234]]>
              </value>
            </param>
          </params>
          <reporter-output>
          </reporter-output>
        </test-method> <!-- verifyLoginWithValidCredentials -->
        <test-method is-config="true" signature="tearDown()[pri:0, instance:com.TN.tests.LoginTest@51c668e3]" started-at="2022-12-27T17:29:18 IST" name="tearDown" finished-at="2022-12-27T17:29:18 IST" duration-ms="220" status="PASS">
          <reporter-output>
          </reporter-output>
        </test-method> <!-- tearDown -->
        <test-method is-config="true" signature="setUp()[pri:0, instance:com.TN.tests.LoginTest@51c668e3]" started-at="2022-12-27T17:29:18 IST" name="setUp" finished-at="2022-12-27T17:29:20 IST" duration-ms="2661" status="PASS">
          <reporter-output>
          </reporter-output>
        </test-method> <!-- setUp -->
        <test-method signature="verifyLoginWithValidCredentials(java.lang.String,java.lang.String)[pri:1, instance:com.TN.tests.LoginTest@51c668e3]" started-at="2022-12-27T17:29:20 IST" name="verifyLoginWithValidCredentials" data-provider="validCredentialsSupplier" finished-at="2022-12-27T17:29:21 IST" duration-ms="751" status="PASS">
          <params>
            <param index="0">
              <value>
                <![CDATA[venu3@gmail.com]]>
              </value>
            </param>
            <param index="1">
              <value>
                <![CDATA[venu1234]]>
              </value>
            </param>
          </params>
          <reporter-output>
          </reporter-output>
        </test-method> <!-- verifyLoginWithValidCredentials -->
        <test-method is-config="true" signature="tearDown()[pri:0, instance:com.TN.tests.LoginTest@51c668e3]" started-at="2022-12-27T17:29:21 IST" name="tearDown" finished-at="2022-12-27T17:29:21 IST" duration-ms="249" status="PASS">
          <reporter-output>
          </reporter-output>
        </test-method> <!-- tearDown -->
        <test-method is-config="true" signature="setUp()[pri:0, instance:com.TN.tests.LoginTest@51c668e3]" started-at="2022-12-27T17:29:21 IST" name="setUp" finished-at="2022-12-27T17:29:24 IST" duration-ms="2558" status="PASS">
          <reporter-output>
          </reporter-output>
        </test-method> <!-- setUp -->
        <test-method signature="verifyLoginWithValidCredentials(java.lang.String,java.lang.String)[pri:1, instance:com.TN.tests.LoginTest@51c668e3]" started-at="2022-12-27T17:29:24 IST" name="verifyLoginWithValidCredentials" data-provider="validCredentialsSupplier" finished-at="2022-12-27T17:29:25 IST" duration-ms="756" status="PASS">
          <params>
            <param index="0">
              <value>
                <![CDATA[venu4@gmail.com]]>
              </value>
            </param>
            <param index="1">
              <value>
                <![CDATA[venu1234]]>
              </value>
            </param>
          </params>
          <reporter-output>
          </reporter-output>
        </test-method> <!-- verifyLoginWithValidCredentials -->
        <test-method is-config="true" signature="tearDown()[pri:0, instance:com.TN.tests.LoginTest@51c668e3]" started-at="2022-12-27T17:29:25 IST" name="tearDown" finished-at="2022-12-27T17:29:25 IST" duration-ms="207" status="PASS">
          <reporter-output>
          </reporter-output>
        </test-method> <!-- tearDown -->
        <test-method is-config="true" signature="setUp()[pri:0, instance:com.TN.tests.LoginTest@51c668e3]" started-at="2022-12-27T17:29:25 IST" name="setUp" finished-at="2022-12-27T17:29:28 IST" duration-ms="2579" status="PASS">
          <reporter-output>
          </reporter-output>
        </test-method> <!-- setUp -->
        <test-method signature="verifyLoginWithValidCredentials(java.lang.String,java.lang.String)[pri:1, instance:com.TN.tests.LoginTest@51c668e3]" started-at="2022-12-27T17:29:28 IST" name="verifyLoginWithValidCredentials" data-provider="validCredentialsSupplier" finished-at="2022-12-27T17:29:28 IST" duration-ms="747" status="PASS">
          <params>
            <param index="0">
              <value>
                <![CDATA[venu6@gmail.com]]>
              </value>
            </param>
            <param index="1">
              <value>
                <![CDATA[venu1234]]>
              </value>
            </param>
          </params>
          <reporter-output>
          </reporter-output>
        </test-method> <!-- verifyLoginWithValidCredentials -->
        <test-method is-config="true" signature="tearDown()[pri:0, instance:com.TN.tests.LoginTest@51c668e3]" started-at="2022-12-27T17:29:28 IST" name="tearDown" finished-at="2022-12-27T17:29:29 IST" duration-ms="250" status="PASS">
          <reporter-output>
          </reporter-output>
        </test-method> <!-- tearDown -->
        <test-method is-config="true" signature="setUp()[pri:0, instance:com.TN.tests.LoginTest@51c668e3]" started-at="2022-12-27T17:29:29 IST" name="setUp" finished-at="2022-12-27T17:29:31 IST" duration-ms="2618" status="PASS">
          <reporter-output>
          </reporter-output>
        </test-method> <!-- setUp -->
        <test-method signature="verifyLoginWithInValidCredentials()[pri:2, instance:com.TN.tests.LoginTest@51c668e3]" started-at="2022-12-27T17:29:31 IST" name="verifyLoginWithInValidCredentials" finished-at="2022-12-27T17:29:32 IST" duration-ms="834" status="PASS">
          <reporter-output>
          </reporter-output>
        </test-method> <!-- verifyLoginWithInValidCredentials -->
        <test-method is-config="true" signature="tearDown()[pri:0, instance:com.TN.tests.LoginTest@51c668e3]" started-at="2022-12-27T17:29:32 IST" name="tearDown" finished-at="2022-12-27T17:29:32 IST" duration-ms="251" status="PASS">
          <reporter-output>
          </reporter-output>
        </test-method> <!-- tearDown -->
        <test-method is-config="true" signature="setUp()[pri:0, instance:com.TN.tests.LoginTest@51c668e3]" started-at="2022-12-27T17:29:32 IST" name="setUp" finished-at="2022-12-27T17:29:35 IST" duration-ms="2580" status="PASS">
          <reporter-output>
          </reporter-output>
        </test-method> <!-- setUp -->
        <test-method signature="verifyLoginWithInValidEmailValidPassword()[pri:3, instance:com.TN.tests.LoginTest@51c668e3]" started-at="2022-12-27T17:29:35 IST" name="verifyLoginWithInValidEmailValidPassword" finished-at="2022-12-27T17:29:36 IST" duration-ms="775" status="PASS">
          <reporter-output>
          </reporter-output>
        </test-method> <!-- verifyLoginWithInValidEmailValidPassword -->
        <test-method is-config="true" signature="tearDown()[pri:0, instance:com.TN.tests.LoginTest@51c668e3]" started-at="2022-12-27T17:29:36 IST" name="tearDown" finished-at="2022-12-27T17:29:36 IST" duration-ms="259" status="PASS">
          <reporter-output>
          </reporter-output>
        </test-method> <!-- tearDown -->
        <test-method is-config="true" signature="setUp()[pri:0, instance:com.TN.tests.LoginTest@51c668e3]" started-at="2022-12-27T17:29:36 IST" name="setUp" finished-at="2022-12-27T17:29:39 IST" duration-ms="2724" status="PASS">
          <reporter-output>
          </reporter-output>
        </test-method> <!-- setUp -->
        <test-method signature="verifyLoginWithValidEmailInvalidPassword()[pri:4, instance:com.TN.tests.LoginTest@51c668e3]" started-at="2022-12-27T17:29:39 IST" name="verifyLoginWithValidEmailInvalidPassword" finished-at="2022-12-27T17:29:39 IST" duration-ms="680" status="PASS">
          <reporter-output>
          </reporter-output>
        </test-method> <!-- verifyLoginWithValidEmailInvalidPassword -->
        <test-method is-config="true" signature="tearDown()[pri:0, instance:com.TN.tests.LoginTest@51c668e3]" started-at="2022-12-27T17:29:39 IST" name="tearDown" finished-at="2022-12-27T17:29:40 IST" duration-ms="302" status="PASS">
          <reporter-output>
          </reporter-output>
        </test-method> <!-- tearDown -->
        <test-method is-config="true" signature="setUp()[pri:0, instance:com.TN.tests.LoginTest@51c668e3]" started-at="2022-12-27T17:29:40 IST" name="setUp" finished-at="2022-12-27T17:29:42 IST" duration-ms="2541" status="PASS">
          <reporter-output>
          </reporter-output>
        </test-method> <!-- setUp -->
        <test-method signature="verifyLoginWithoutCredentials()[pri:5, instance:com.TN.tests.LoginTest@51c668e3]" started-at="2022-12-27T17:29:42 IST" name="verifyLoginWithoutCredentials" finished-at="2022-12-27T17:29:43 IST" duration-ms="410" status="PASS">
          <reporter-output>
          </reporter-output>
        </test-method> <!-- verifyLoginWithoutCredentials -->
        <test-method is-config="true" signature="tearDown()[pri:0, instance:com.TN.tests.LoginTest@51c668e3]" started-at="2022-12-27T17:29:43 IST" name="tearDown" finished-at="2022-12-27T17:29:43 IST" duration-ms="270" status="PASS">
          <reporter-output>
          </reporter-output>
        </test-method> <!-- tearDown -->
      </class> <!-- com.TN.tests.LoginTest -->
      <class name="com.TN.tests.RegisterTest">
        <test-method is-config="true" signature="setUp()[pri:0, instance:com.TN.tests.RegisterTest@316bcf94]" started-at="2022-12-27T17:28:49 IST" name="setUp" finished-at="2022-12-27T17:28:55 IST" duration-ms="5639" status="PASS">
          <reporter-output>
          </reporter-output>
        </test-method> <!-- setUp -->
        <test-method signature="verifyRegisterWithMandatoryFields()[pri:1, instance:com.TN.tests.RegisterTest@316bcf94]" started-at="2022-12-27T17:28:55 IST" name="verifyRegisterWithMandatoryFields" finished-at="2022-12-27T17:28:56 IST" duration-ms="1432" status="PASS">
          <reporter-output>
          </reporter-output>
        </test-method> <!-- verifyRegisterWithMandatoryFields -->
        <test-method is-config="true" signature="tearDown()[pri:0, instance:com.TN.tests.RegisterTest@316bcf94]" started-at="2022-12-27T17:28:56 IST" name="tearDown" finished-at="2022-12-27T17:28:56 IST" duration-ms="206" status="PASS">
          <reporter-output>
          </reporter-output>
        </test-method> <!-- tearDown -->
        <test-method is-config="true" signature="setUp()[pri:0, instance:com.TN.tests.RegisterTest@316bcf94]" started-at="2022-12-27T17:28:56 IST" name="setUp" finished-at="2022-12-27T17:28:59 IST" duration-ms="2707" status="PASS">
          <reporter-output>
          </reporter-output>
        </test-method> <!-- setUp -->
        <test-method signature="verifyRegisterWithAllFields()[pri:2, instance:com.TN.tests.RegisterTest@316bcf94]" started-at="2022-12-27T17:28:59 IST" name="verifyRegisterWithAllFields" finished-at="2022-12-27T17:29:00 IST" duration-ms="1472" status="PASS">
          <reporter-output>
          </reporter-output>
        </test-method> <!-- verifyRegisterWithAllFields -->
        <test-method is-config="true" signature="tearDown()[pri:0, instance:com.TN.tests.RegisterTest@316bcf94]" started-at="2022-12-27T17:29:00 IST" name="tearDown" finished-at="2022-12-27T17:29:01 IST" duration-ms="256" status="PASS">
          <reporter-output>
          </reporter-output>
        </test-method> <!-- tearDown -->
        <test-method is-config="true" signature="setUp()[pri:0, instance:com.TN.tests.RegisterTest@316bcf94]" started-at="2022-12-27T17:29:01 IST" name="setUp" finished-at="2022-12-27T17:29:03 IST" duration-ms="2789" status="PASS">
          <reporter-output>
          </reporter-output>
        </test-method> <!-- setUp -->
        <test-method signature="verifyRegisterWithExistingEmail()[pri:3, instance:com.TN.tests.RegisterTest@316bcf94]" started-at="2022-12-27T17:29:03 IST" name="verifyRegisterWithExistingEmail" finished-at="2022-12-27T17:29:05 IST" duration-ms="1289" status="PASS">
          <reporter-output>
          </reporter-output>
        </test-method> <!-- verifyRegisterWithExistingEmail -->
        <test-method is-config="true" signature="tearDown()[pri:0, instance:com.TN.tests.RegisterTest@316bcf94]" started-at="2022-12-27T17:29:05 IST" name="tearDown" finished-at="2022-12-27T17:29:05 IST" duration-ms="258" status="PASS">
          <reporter-output>
          </reporter-output>
        </test-method> <!-- tearDown -->
        <test-method is-config="true" signature="setUp()[pri:0, instance:com.TN.tests.RegisterTest@316bcf94]" started-at="2022-12-27T17:29:05 IST" name="setUp" finished-at="2022-12-27T17:29:08 IST" duration-ms="2767" status="PASS">
          <reporter-output>
          </reporter-output>
        </test-method> <!-- setUp -->
        <test-method signature="verifyRegisterWithoutEnteringAnyData()[pri:4, instance:com.TN.tests.RegisterTest@316bcf94]" started-at="2022-12-27T17:29:08 IST" name="verifyRegisterWithoutEnteringAnyData" finished-at="2022-12-27T17:29:08 IST" duration-ms="633" status="PASS">
          <reporter-output>
          </reporter-output>
        </test-method> <!-- verifyRegisterWithoutEnteringAnyData -->
        <test-method is-config="true" signature="tearDown()[pri:0, instance:com.TN.tests.RegisterTest@316bcf94]" started-at="2022-12-27T17:29:08 IST" name="tearDown" finished-at="2022-12-27T17:29:09 IST" duration-ms="250" status="PASS">
          <reporter-output>
          </reporter-output>
        </test-method> <!-- tearDown -->
        <test-method is-config="true" signature="setUp()[pri:0, instance:com.TN.tests.RegisterTest@316bcf94]" started-at="2022-12-27T17:29:09 IST" name="setUp" finished-at="2022-12-27T17:29:11 IST" duration-ms="2815" status="PASS">
          <reporter-output>
          </reporter-output>
        </test-method> <!-- setUp -->
        <test-method signature="verifyRegisterAccountWithDifferentPasswords()[pri:5, instance:com.TN.tests.RegisterTest@316bcf94]" started-at="2022-12-27T17:29:11 IST" name="verifyRegisterAccountWithDifferentPasswords" finished-at="2022-12-27T17:29:13 IST" duration-ms="1321" status="PASS">
          <reporter-output>
          </reporter-output>
        </test-method> <!-- verifyRegisterAccountWithDifferentPasswords -->
        <test-method is-config="true" signature="tearDown()[pri:0, instance:com.TN.tests.RegisterTest@316bcf94]" started-at="2022-12-27T17:29:13 IST" name="tearDown" finished-at="2022-12-27T17:29:13 IST" duration-ms="281" status="PASS">
          <reporter-output>
          </reporter-output>
        </test-method> <!-- tearDown -->
      </class> <!-- com.TN.tests.RegisterTest -->
      <class name="com.TN.tests.SearchProductTest">
        <test-method is-config="true" signature="setUp()[pri:0, instance:com.TN.tests.SearchProductTest@52719fb6]" started-at="2022-12-27T17:29:43 IST" name="setUp" finished-at="2022-12-27T17:29:45 IST" duration-ms="2250" status="PASS">
          <reporter-output>
          </reporter-output>
        </test-method> <!-- setUp -->
        <test-method signature="verifySearchWithExsistingProduct()[pri:1, instance:com.TN.tests.SearchProductTest@52719fb6]" started-at="2022-12-27T17:29:45 IST" name="verifySearchWithExsistingProduct" finished-at="2022-12-27T17:29:46 IST" duration-ms="714" status="PASS">
          <reporter-output>
          </reporter-output>
        </test-method> <!-- verifySearchWithExsistingProduct -->
        <test-method is-config="true" signature="tearDown()[pri:0, instance:com.TN.tests.SearchProductTest@52719fb6]" started-at="2022-12-27T17:29:46 IST" name="tearDown" finished-at="2022-12-27T17:29:46 IST" duration-ms="275" status="PASS">
          <reporter-output>
          </reporter-output>
        </test-method> <!-- tearDown -->
        <test-method is-config="true" signature="setUp()[pri:0, instance:com.TN.tests.SearchProductTest@52719fb6]" started-at="2022-12-27T17:29:46 IST" name="setUp" finished-at="2022-12-27T17:29:48 IST" duration-ms="1959" status="PASS">
          <reporter-output>
          </reporter-output>
        </test-method> <!-- setUp -->
        <test-method signature="verifySearchWithNonExsistingProduct()[pri:2, instance:com.TN.tests.SearchProductTest@52719fb6]" started-at="2022-12-27T17:29:48 IST" name="verifySearchWithNonExsistingProduct" finished-at="2022-12-27T17:29:49 IST" duration-ms="627" status="PASS">
          <reporter-output>
          </reporter-output>
        </test-method> <!-- verifySearchWithNonExsistingProduct -->
        <test-method is-config="true" signature="tearDown()[pri:0, instance:com.TN.tests.SearchProductTest@52719fb6]" started-at="2022-12-27T17:29:49 IST" name="tearDown" finished-at="2022-12-27T17:29:49 IST" duration-ms="260" status="PASS">
          <reporter-output>
          </reporter-output>
        </test-method> <!-- tearDown -->
        <test-method is-config="true" signature="setUp()[pri:0, instance:com.TN.tests.SearchProductTest@52719fb6]" started-at="2022-12-27T17:29:49 IST" name="setUp" finished-at="2022-12-27T17:29:51 IST" duration-ms="2125" status="PASS">
          <reporter-output>
          </reporter-output>
        </test-method> <!-- setUp -->
        <test-method signature="verifySearchWithoutAnyProduct()[pri:3, instance:com.TN.tests.SearchProductTest@52719fb6]" started-at="2022-12-27T17:29:51 IST" name="verifySearchWithoutAnyProduct" finished-at="2022-12-27T17:29:52 IST" depends-on-methods="com.TN.tests.SearchProductTest.verifySearchWithNonExsistingProduct" duration-ms="574" status="PASS">
          <reporter-output>
          </reporter-output>
        </test-method> <!-- verifySearchWithoutAnyProduct -->
        <test-method is-config="true" signature="tearDown()[pri:0, instance:com.TN.tests.SearchProductTest@52719fb6]" started-at="2022-12-27T17:29:52 IST" name="tearDown" finished-at="2022-12-27T17:29:52 IST" duration-ms="253" status="PASS">
          <reporter-output>
          </reporter-output>
        </test-method> <!-- tearDown -->
      </class> <!-- com.TN.tests.SearchProductTest -->
      <class name="com.TN.tests.ForgotPasswordTest">
        <test-method is-config="true" signature="setUp()[pri:0, instance:com.TN.tests.ForgotPasswordTest@3012646b]" started-at="2022-12-27T17:29:52 IST" name="setUp" finished-at="2022-12-27T17:29:55 IST" duration-ms="3074" status="PASS">
          <reporter-output>
          </reporter-output>
        </test-method> <!-- setUp -->
        <test-method signature="verifyForgotPasswordWithRegisteredEmail()[pri:1, instance:com.TN.tests.ForgotPasswordTest@3012646b]" started-at="2022-12-27T17:29:55 IST" name="verifyForgotPasswordWithRegisteredEmail" finished-at="2022-12-27T17:29:56 IST" duration-ms="757" status="PASS">
          <reporter-output>
          </reporter-output>
        </test-method> <!-- verifyForgotPasswordWithRegisteredEmail -->
        <test-method is-config="true" signature="tearDown()[pri:0, instance:com.TN.tests.ForgotPasswordTest@3012646b]" started-at="2022-12-27T17:29:56 IST" name="tearDown" finished-at="2022-12-27T17:29:56 IST" duration-ms="233" status="PASS">
          <reporter-output>
          </reporter-output>
        </test-method> <!-- tearDown -->
        <test-method is-config="true" signature="setUp()[pri:0, instance:com.TN.tests.ForgotPasswordTest@3012646b]" started-at="2022-12-27T17:29:56 IST" name="setUp" finished-at="2022-12-27T17:29:59 IST" duration-ms="3077" status="PASS">
          <reporter-output>
          </reporter-output>
        </test-method> <!-- setUp -->
        <test-method signature="verifyForgotPasswordWithNonRegisteredEmail()[pri:2, instance:com.TN.tests.ForgotPasswordTest@3012646b]" started-at="2022-12-27T17:29:59 IST" name="verifyForgotPasswordWithNonRegisteredEmail" finished-at="2022-12-27T17:30:00 IST" duration-ms="607" status="PASS">
          <reporter-output>
          </reporter-output>
        </test-method> <!-- verifyForgotPasswordWithNonRegisteredEmail -->
        <test-method is-config="true" signature="tearDown()[pri:0, instance:com.TN.tests.ForgotPasswordTest@3012646b]" started-at="2022-12-27T17:30:00 IST" name="tearDown" finished-at="2022-12-27T17:30:00 IST" duration-ms="244" status="PASS">
          <reporter-output>
          </reporter-output>
        </test-method> <!-- tearDown -->
        <test-method is-config="true" signature="setUp()[pri:0, instance:com.TN.tests.ForgotPasswordTest@3012646b]" started-at="2022-12-27T17:30:00 IST" name="setUp" finished-at="2022-12-27T17:30:04 IST" duration-ms="4121" status="PASS">
          <reporter-output>
          </reporter-output>
        </test-method> <!-- setUp -->
        <test-method signature="verifyForgotPasswordWithNoEmail()[pri:3, instance:com.TN.tests.ForgotPasswordTest@3012646b]" started-at="2022-12-27T17:30:04 IST" name="verifyForgotPasswordWithNoEmail" finished-at="2022-12-27T17:30:04 IST" duration-ms="351" status="PASS">
          <reporter-output>
          </reporter-output>
        </test-method> <!-- verifyForgotPasswordWithNoEmail -->
        <test-method is-config="true" signature="tearDown()[pri:0, instance:com.TN.tests.ForgotPasswordTest@3012646b]" started-at="2022-12-27T17:30:04 IST" name="tearDown" finished-at="2022-12-27T17:30:05 IST" duration-ms="317" status="PASS">
          <reporter-output>
          </reporter-output>
        </test-method> <!-- tearDown -->
      </class> <!-- com.TN.tests.ForgotPasswordTest -->
      <class name="com.TN.tests.AddToCartTest">
        <test-method is-config="true" signature="setUp()[pri:0, instance:com.TN.tests.AddToCartTest@4a883b15]" started-at="2022-12-27T17:30:05 IST" name="setUp" finished-at="2022-12-27T17:30:07 IST" duration-ms="2026" status="PASS">
          <reporter-output>
          </reporter-output>
        </test-method> <!-- setUp -->
        <test-method signature="verifyAddToCartForValidProduct()[pri:0, instance:com.TN.tests.AddToCartTest@4a883b15]" started-at="2022-12-27T17:30:07 IST" name="verifyAddToCartForValidProduct" finished-at="2022-12-27T17:30:09 IST" duration-ms="2653" status="PASS">
          <reporter-output>
          </reporter-output>
        </test-method> <!-- verifyAddToCartForValidProduct -->
        <test-method is-config="true" signature="tearDown()[pri:0, instance:com.TN.tests.AddToCartTest@4a883b15]" started-at="2022-12-27T17:30:09 IST" name="tearDown" finished-at="2022-12-27T17:30:10 IST" duration-ms="277" status="PASS">
          <reporter-output>
          </reporter-output>
        </test-method> <!-- tearDown -->
      </class> <!-- com.TN.tests.AddToCartTest -->
    </test> <!-- TutorialsNinja TestCases -->
  </suite> <!-- TutorialsNinja Test Suite -->
</testng-results>
