<?xml version="1.0" encoding="UTF-8"?>
<testng-results ignored="0" total="1" passed="1" failed="0" skipped="0">
  <reporter-output>
  </reporter-output>
  <suite started-at="2022-12-27T17:21:12 IST" name="Default suite" finished-at="2022-12-27T17:21:20 IST" duration-ms="8204">
    <groups>
    </groups>
    <test started-at="2022-12-27T17:21:12 IST" name="Default test" finished-at="2022-12-27T17:21:20 IST" duration-ms="8204">
      <class name="com.TN.tests.AddToCartTest">
        <test-method is-config="true" signature="setUp()[pri:0, instance:com.TN.tests.AddToCartTest@58d75e99]" started-at="2022-12-27T17:21:12 IST" name="setUp" finished-at="2022-12-27T17:21:17 IST" duration-ms="4798" status="PASS">
          <reporter-output>
          </reporter-output>
        </test-method> <!-- setUp -->
        <test-method signature="verifyAddToCartForValidProduct()[pri:0, instance:com.TN.tests.AddToCartTest@58d75e99]" started-at="2022-12-27T17:21:17 IST" name="verifyAddToCartForValidProduct" finished-at="2022-12-27T17:21:20 IST" duration-ms="3021" status="PASS">
          <reporter-output>
          </reporter-output>
        </test-method> <!-- verifyAddToCartForValidProduct -->
        <test-method is-config="true" signature="tearDown()[pri:0, instance:com.TN.tests.AddToCartTest@58d75e99]" started-at="2022-12-27T17:21:20 IST" name="tearDown" finished-at="2022-12-27T17:21:20 IST" duration-ms="316" status="PASS">
          <reporter-output>
          </reporter-output>
        </test-method> <!-- tearDown -->
      </class> <!-- com.TN.tests.AddToCartTest -->
    </test> <!-- Default test -->
  </suite> <!-- Default suite -->
</testng-results>
